<?xml version="1.0" encoding="UTF-8"?>
<testng-results skipped="0" failed="3" total="16" passed="13">
  <reporter-output>
  </reporter-output>
  <suite name="Test Suite" duration-ms="846847" started-at="2016-02-21T04:47:50Z" finished-at="2016-02-21T05:01:57Z">
    <groups>
    </groups>
    <test name="Main Page" duration-ms="47201" started-at="2016-02-21T04:47:50Z" finished-at="2016-02-21T04:48:38Z">
      <class name="executionScript.TestCase003_MainPageElements">
        <test-method status="FAIL" signature="testCase003_MainPageElements()[pri:0, instance:executionScript.TestCase003_MainPageElements@59a6fab1]" name="testCase003_MainPageElements" duration-ms="47171" started-at="2016-02-21T12:47:50Z" finished-at="2016-02-21T12:48:38Z">
          <exception class="java.lang.AssertionError">
            <message>
              <![CDATA[expected [Accessories] but found []]]>
            </message>
            <full-stacktrace>
              <![CDATA[java.lang.AssertionError: expected [Accessories] but found []
	at org.testng.Assert.fail(Assert.java:94)
	at org.testng.Assert.failNotEquals(Assert.java:513)
	at org.testng.Assert.assertEqualsImpl(Assert.java:135)
	at org.testng.Assert.assertEquals(Assert.java:116)
	at org.testng.Assert.assertEquals(Assert.java:190)
	at org.testng.Assert.assertEquals(Assert.java:200)
	at executionAction.MainPage_Action.assertMainPageNavBarElements(MainPage_Action.java:55)
	at executionScript.TestCase003_MainPageElements.testCase003_MainPageElements(TestCase003_MainPageElements.java:17)
	at sun.reflect.NativeMethodAccessorImpl.invoke0(Native Method)
	at sun.reflect.NativeMethodAccessorImpl.invoke(NativeMethodAccessorImpl.java:57)
	at sun.reflect.DelegatingMethodAccessorImpl.invoke(DelegatingMethodAccessorImpl.java:43)
	at java.lang.reflect.Method.invoke(Method.java:606)
	at org.testng.internal.MethodInvocationHelper.invokeMethod(MethodInvocationHelper.java:86)
	at org.testng.internal.Invoker.invokeMethod(Invoker.java:643)
	at org.testng.internal.Invoker.invokeTestMethod(Invoker.java:820)
	at org.testng.internal.Invoker.invokeTestMethods(Invoker.java:1128)
	at org.testng.internal.TestMethodWorker.invokeTestMethods(TestMethodWorker.java:129)
	at org.testng.internal.TestMethodWorker.run(TestMethodWorker.java:112)
	at org.testng.TestRunner.privateRun(TestRunner.java:782)
	at org.testng.TestRunner.run(TestRunner.java:632)
	at org.testng.SuiteRunner.runTest(SuiteRunner.java:366)
	at org.testng.SuiteRunner.runSequentially(SuiteRunner.java:361)
	at org.testng.SuiteRunner.privateRun(SuiteRunner.java:319)
	at org.testng.SuiteRunner.run(SuiteRunner.java:268)
	at org.testng.SuiteRunnerWorker.runSuite(SuiteRunnerWorker.java:52)
	at org.testng.SuiteRunnerWorker.run(SuiteRunnerWorker.java:86)
	at org.testng.TestNG.runSuitesSequentially(TestNG.java:1244)
	at org.testng.TestNG.runSuitesLocally(TestNG.java:1169)
	at org.testng.TestNG.run(TestNG.java:1064)
	at org.apache.maven.surefire.testng.TestNGExecutor.run(TestNGExecutor.java:281)
	at org.apache.maven.surefire.testng.TestNGXmlTestSuite.execute(TestNGXmlTestSuite.java:75)
	at org.apache.maven.surefire.testng.TestNGProvider.invoke(TestNGProvider.java:121)
	at org.apache.maven.surefire.booter.ForkedBooter.invokeProviderInSameClassLoader(ForkedBooter.java:290)
	at org.apache.maven.surefire.booter.ForkedBooter.runSuitesInProcess(ForkedBooter.java:242)
	at org.apache.maven.surefire.booter.ForkedBooter.main(ForkedBooter.java:121)
]]>
            </full-stacktrace>
          </exception> <!-- java.lang.AssertionError -->
          <reporter-output>
          </reporter-output>
        </test-method> <!-- testCase003_MainPageElements -->
      </class> <!-- executionScript.TestCase003_MainPageElements -->
    </test> <!-- Main Page -->
    <test name="Browse Products" duration-ms="640640" started-at="2016-02-21T04:48:38Z" finished-at="2016-02-21T04:59:18Z">
      <class name="executionScript.TestCase009_BrowseMacBooks">
        <test-method status="PASS" signature="testCase009_BrowseMacBooksListView()[pri:1, instance:executionScript.TestCase009_BrowseMacBooks@1c7b2390]" name="testCase009_BrowseMacBooksListView" duration-ms="49456" started-at="2016-02-21T12:58:03Z" finished-at="2016-02-21T12:58:53Z">
          <reporter-output>
          </reporter-output>
        </test-method> <!-- testCase009_BrowseMacBooksListView -->
        <test-method status="PASS" signature="testCase009_BrowseMacBooksGridView()[pri:2, instance:executionScript.TestCase009_BrowseMacBooks@1c7b2390]" name="testCase009_BrowseMacBooksGridView" duration-ms="25731" started-at="2016-02-21T12:58:53Z" finished-at="2016-02-21T12:59:18Z">
          <reporter-output>
          </reporter-output>
        </test-method> <!-- testCase009_BrowseMacBooksGridView -->
      </class> <!-- executionScript.TestCase009_BrowseMacBooks -->
      <class name="executionScript.TestCase004_BrowseAccessories">
        <test-method status="FAIL" signature="testCase004_BrowseAccessoriesListView()[pri:1, instance:executionScript.TestCase004_BrowseAccessories@4f36b91b]" name="testCase004_BrowseAccessoriesListView" duration-ms="136921" started-at="2016-02-21T12:48:38Z" finished-at="2016-02-21T12:50:55Z">
          <exception class="org.openqa.selenium.TimeoutException">
            <message>
              <![CDATA[Timed out after 15 seconds waiting for visibility of [[FirefoxDriver: firefox on WINDOWS (21e01337-ad70-46bb-a555-44c3955c014b)] -> class name: pp_previous]
Build info: version: '2.52.0', revision: '4c2593cfc3689a7fcd7be52549167e5ccc93ad28', time: '2016-02-11 11:22:43'
System info: host: 'VAIO', ip: '192.168.1.68', os.name: 'Windows 8.1', os.arch: 'amd64', os.version: '6.3', java.version: '1.7.0_79'
Session ID: 21e01337-ad70-46bb-a555-44c3955c014b
Driver info: org.openqa.selenium.firefox.FirefoxDriver
Capabilities [{platform=WINDOWS, acceptSslCerts=true, javascriptEnabled=true, cssSelectorsEnabled=true, databaseEnabled=true, browserName=firefox, handlesAlerts=true, nativeEvents=false, webStorageEnabled=true, rotatable=false, locationContextEnabled=true, applicationCacheEnabled=true, takesScreenshot=true, version=44.0.2}]]]>
            </message>
            <full-stacktrace>
              <![CDATA[org.openqa.selenium.TimeoutException: Timed out after 15 seconds waiting for visibility of [[FirefoxDriver: firefox on WINDOWS (21e01337-ad70-46bb-a555-44c3955c014b)] -> class name: pp_previous]
Build info: version: '2.52.0', revision: '4c2593cfc3689a7fcd7be52549167e5ccc93ad28', time: '2016-02-11 11:22:43'
System info: host: 'VAIO', ip: '192.168.1.68', os.name: 'Windows 8.1', os.arch: 'amd64', os.version: '6.3', java.version: '1.7.0_79'
Session ID: 21e01337-ad70-46bb-a555-44c3955c014b
Driver info: org.openqa.selenium.firefox.FirefoxDriver
Capabilities [{platform=WINDOWS, acceptSslCerts=true, javascriptEnabled=true, cssSelectorsEnabled=true, databaseEnabled=true, browserName=firefox, handlesAlerts=true, nativeEvents=false, webStorageEnabled=true, rotatable=false, locationContextEnabled=true, applicationCacheEnabled=true, takesScreenshot=true, version=44.0.2}]
	at org.openqa.selenium.support.ui.WebDriverWait.timeoutException(WebDriverWait.java:80)
	at org.openqa.selenium.support.ui.FluentWait.until(FluentWait.java:261)
	at executionAction.AccessoriesPageListView_Action.viewProductImage(AccessoriesPageListView_Action.java:88)
	at executionScript.TestCase004_BrowseAccessories.testCase004_BrowseAccessoriesListView(TestCase004_BrowseAccessories.java:20)
	at sun.reflect.NativeMethodAccessorImpl.invoke0(Native Method)
	at sun.reflect.NativeMethodAccessorImpl.invoke(NativeMethodAccessorImpl.java:57)
	at sun.reflect.DelegatingMethodAccessorImpl.invoke(DelegatingMethodAccessorImpl.java:43)
	at java.lang.reflect.Method.invoke(Method.java:606)
	at org.testng.internal.MethodInvocationHelper.invokeMethod(MethodInvocationHelper.java:86)
	at org.testng.internal.Invoker.invokeMethod(Invoker.java:643)
	at org.testng.internal.Invoker.invokeTestMethod(Invoker.java:820)
	at org.testng.internal.Invoker.invokeTestMethods(Invoker.java:1128)
	at org.testng.internal.TestMethodWorker.invokeTestMethods(TestMethodWorker.java:129)
	at org.testng.internal.TestMethodWorker.run(TestMethodWorker.java:112)
	at org.testng.TestRunner.privateRun(TestRunner.java:782)
	at org.testng.TestRunner.run(TestRunner.java:632)
	at org.testng.SuiteRunner.runTest(SuiteRunner.java:366)
	at org.testng.SuiteRunner.runSequentially(SuiteRunner.java:361)
	at org.testng.SuiteRunner.privateRun(SuiteRunner.java:319)
	at org.testng.SuiteRunner.run(SuiteRunner.java:268)
	at org.testng.SuiteRunnerWorker.runSuite(SuiteRunnerWorker.java:52)
	at org.testng.SuiteRunnerWorker.run(SuiteRunnerWorker.java:86)
	at org.testng.TestNG.runSuitesSequentially(TestNG.java:1244)
	at org.testng.TestNG.runSuitesLocally(TestNG.java:1169)
	at org.testng.TestNG.run(TestNG.java:1064)
	at org.apache.maven.surefire.testng.TestNGExecutor.run(TestNGExecutor.java:281)
	at org.apache.maven.surefire.testng.TestNGXmlTestSuite.execute(TestNGXmlTestSuite.java:75)
	at org.apache.maven.surefire.testng.TestNGProvider.invoke(TestNGProvider.java:121)
	at org.apache.maven.surefire.booter.ForkedBooter.invokeProviderInSameClassLoader(ForkedBooter.java:290)
	at org.apache.maven.surefire.booter.ForkedBooter.runSuitesInProcess(ForkedBooter.java:242)
	at org.apache.maven.surefire.booter.ForkedBooter.main(ForkedBooter.java:121)
]]>
            </full-stacktrace>
          </exception> <!-- org.openqa.selenium.TimeoutException -->
          <reporter-output>
          </reporter-output>
        </test-method> <!-- testCase004_BrowseAccessoriesListView -->
        <test-method status="PASS" signature="testCase004_BrowseAccessoriesGridView()[pri:2, instance:executionScript.TestCase004_BrowseAccessories@4f36b91b]" name="testCase004_BrowseAccessoriesGridView" duration-ms="44865" started-at="2016-02-21T12:50:55Z" finished-at="2016-02-21T12:51:40Z">
          <reporter-output>
          </reporter-output>
        </test-method> <!-- testCase004_BrowseAccessoriesGridView -->
      </class> <!-- executionScript.TestCase004_BrowseAccessories -->
      <class name="executionScript.TestCase007_BrowseiPhones">
        <test-method status="PASS" signature="testCase007_BrowseiPhonesListView()[pri:1, instance:executionScript.TestCase007_BrowseiPhones@17e8c1ec]" name="testCase007_BrowseiPhonesListView" duration-ms="76396" started-at="2016-02-21T12:55:00Z" finished-at="2016-02-21T12:56:16Z">
          <reporter-output>
          </reporter-output>
        </test-method> <!-- testCase007_BrowseiPhonesListView -->
        <test-method status="PASS" signature="testCase007_BrowseiPhonesGridView()[pri:2, instance:executionScript.TestCase007_BrowseiPhones@17e8c1ec]" name="testCase007_BrowseiPhonesGridView" duration-ms="25794" started-at="2016-02-21T12:56:16Z" finished-at="2016-02-21T12:56:42Z">
          <reporter-output>
          </reporter-output>
        </test-method> <!-- testCase007_BrowseiPhonesGridView -->
      </class> <!-- executionScript.TestCase007_BrowseiPhones -->
      <class name="executionScript.TestCase008_BrowseiPods">
        <test-method status="PASS" signature="testCase008_BrowseiPodsListView()[pri:1, instance:executionScript.TestCase008_BrowseiPods@32137937]" name="testCase008_BrowseiPodsListView" duration-ms="45411" started-at="2016-02-21T12:56:42Z" finished-at="2016-02-21T12:57:28Z">
          <reporter-output>
          </reporter-output>
        </test-method> <!-- testCase008_BrowseiPodsListView -->
        <test-method status="PASS" signature="testCase008_BrowseiPodsGridView()[pri:2, instance:executionScript.TestCase008_BrowseiPods@32137937]" name="testCase008_BrowseiPodsGridView" duration-ms="35549" started-at="2016-02-21T12:57:28Z" finished-at="2016-02-21T12:58:03Z">
          <reporter-output>
          </reporter-output>
        </test-method> <!-- testCase008_BrowseiPodsGridView -->
      </class> <!-- executionScript.TestCase008_BrowseiPods -->
      <class name="executionScript.TestCase006_BrowseiPads">
        <test-method status="FAIL" signature="testCase006_BrowseiPadsListView()[pri:1, instance:executionScript.TestCase006_BrowseiPads@6f71cb85]" name="testCase006_BrowseiPadsListView" duration-ms="105246" started-at="2016-02-21T12:52:43Z" finished-at="2016-02-21T12:54:29Z">
          <exception class="org.openqa.selenium.TimeoutException">
            <message>
              <![CDATA[Timed out after 15 seconds waiting for visibility of [[FirefoxDriver: firefox on WINDOWS (de97a08b-7d09-4584-834e-7312ea816635)] -> class name: pp_previous]
Build info: version: '2.52.0', revision: '4c2593cfc3689a7fcd7be52549167e5ccc93ad28', time: '2016-02-11 11:22:43'
System info: host: 'VAIO', ip: '192.168.1.68', os.name: 'Windows 8.1', os.arch: 'amd64', os.version: '6.3', java.version: '1.7.0_79'
Session ID: de97a08b-7d09-4584-834e-7312ea816635
Driver info: org.openqa.selenium.firefox.FirefoxDriver
Capabilities [{platform=WINDOWS, acceptSslCerts=true, javascriptEnabled=true, cssSelectorsEnabled=true, databaseEnabled=true, browserName=firefox, handlesAlerts=true, nativeEvents=false, webStorageEnabled=true, rotatable=false, locationContextEnabled=true, applicationCacheEnabled=true, takesScreenshot=true, version=44.0.2}]]]>
            </message>
            <full-stacktrace>
              <![CDATA[org.openqa.selenium.TimeoutException: Timed out after 15 seconds waiting for visibility of [[FirefoxDriver: firefox on WINDOWS (de97a08b-7d09-4584-834e-7312ea816635)] -> class name: pp_previous]
Build info: version: '2.52.0', revision: '4c2593cfc3689a7fcd7be52549167e5ccc93ad28', time: '2016-02-11 11:22:43'
System info: host: 'VAIO', ip: '192.168.1.68', os.name: 'Windows 8.1', os.arch: 'amd64', os.version: '6.3', java.version: '1.7.0_79'
Session ID: de97a08b-7d09-4584-834e-7312ea816635
Driver info: org.openqa.selenium.firefox.FirefoxDriver
Capabilities [{platform=WINDOWS, acceptSslCerts=true, javascriptEnabled=true, cssSelectorsEnabled=true, databaseEnabled=true, browserName=firefox, handlesAlerts=true, nativeEvents=false, webStorageEnabled=true, rotatable=false, locationContextEnabled=true, applicationCacheEnabled=true, takesScreenshot=true, version=44.0.2}]
	at org.openqa.selenium.support.ui.WebDriverWait.timeoutException(WebDriverWait.java:80)
	at org.openqa.selenium.support.ui.FluentWait.until(FluentWait.java:261)
	at executionAction.iPadsPageListView_Action.viewProductImage(iPadsPageListView_Action.java:86)
	at executionScript.TestCase006_BrowseiPads.testCase006_BrowseiPadsListView(TestCase006_BrowseiPads.java:20)
	at sun.reflect.NativeMethodAccessorImpl.invoke0(Native Method)
	at sun.reflect.NativeMethodAccessorImpl.invoke(NativeMethodAccessorImpl.java:57)
	at sun.reflect.DelegatingMethodAccessorImpl.invoke(DelegatingMethodAccessorImpl.java:43)
	at java.lang.reflect.Method.invoke(Method.java:606)
	at org.testng.internal.MethodInvocationHelper.invokeMethod(MethodInvocationHelper.java:86)
	at org.testng.internal.Invoker.invokeMethod(Invoker.java:643)
	at org.testng.internal.Invoker.invokeTestMethod(Invoker.java:820)
	at org.testng.internal.Invoker.invokeTestMethods(Invoker.java:1128)
	at org.testng.internal.TestMethodWorker.invokeTestMethods(TestMethodWorker.java:129)
	at org.testng.internal.TestMethodWorker.run(TestMethodWorker.java:112)
	at org.testng.TestRunner.privateRun(TestRunner.java:782)
	at org.testng.TestRunner.run(TestRunner.java:632)
	at org.testng.SuiteRunner.runTest(SuiteRunner.java:366)
	at org.testng.SuiteRunner.runSequentially(SuiteRunner.java:361)
	at org.testng.SuiteRunner.privateRun(SuiteRunner.java:319)
	at org.testng.SuiteRunner.run(SuiteRunner.java:268)
	at org.testng.SuiteRunnerWorker.runSuite(SuiteRunnerWorker.java:52)
	at org.testng.SuiteRunnerWorker.run(SuiteRunnerWorker.java:86)
	at org.testng.TestNG.runSuitesSequentially(TestNG.java:1244)
	at org.testng.TestNG.runSuitesLocally(TestNG.java:1169)
	at org.testng.TestNG.run(TestNG.java:1064)
	at org.apache.maven.surefire.testng.TestNGExecutor.run(TestNGExecutor.java:281)
	at org.apache.maven.surefire.testng.TestNGXmlTestSuite.execute(TestNGXmlTestSuite.java:75)
	at org.apache.maven.surefire.testng.TestNGProvider.invoke(TestNGProvider.java:121)
	at org.apache.maven.surefire.booter.ForkedBooter.invokeProviderInSameClassLoader(ForkedBooter.java:290)
	at org.apache.maven.surefire.booter.ForkedBooter.runSuitesInProcess(ForkedBooter.java:242)
	at org.apache.maven.surefire.booter.ForkedBooter.main(ForkedBooter.java:121)
]]>
            </full-stacktrace>
          </exception> <!-- org.openqa.selenium.TimeoutException -->
          <reporter-output>
          </reporter-output>
        </test-method> <!-- testCase006_BrowseiPadsListView -->
        <test-method status="PASS" signature="testCase006_BrowseiPadsGridView()[pri:2, instance:executionScript.TestCase006_BrowseiPads@6f71cb85]" name="testCase006_BrowseiPadsGridView" duration-ms="31552" started-at="2016-02-21T12:54:29Z" finished-at="2016-02-21T12:55:00Z">
          <reporter-output>
          </reporter-output>
        </test-method> <!-- testCase006_BrowseiPadsGridView -->
      </class> <!-- executionScript.TestCase006_BrowseiPads -->
      <class name="executionScript.TestCase005_BrowseiMacs">
        <test-method status="PASS" signature="testCase005_BrowseiMacsListView()[pri:1, instance:executionScript.TestCase005_BrowseiMacs@11b2c43e]" name="testCase005_BrowseiMacsListView" duration-ms="42678" started-at="2016-02-21T12:51:40Z" finished-at="2016-02-21T12:52:22Z">
          <reporter-output>
          </reporter-output>
        </test-method> <!-- testCase005_BrowseiMacsListView -->
        <test-method status="PASS" signature="testCase005_BrowseiMacsGridView()[pri:2, instance:executionScript.TestCase005_BrowseiMacs@11b2c43e]" name="testCase005_BrowseiMacsGridView" duration-ms="21017" started-at="2016-02-21T12:52:22Z" finished-at="2016-02-21T12:52:43Z">
          <reporter-output>
          </reporter-output>
        </test-method> <!-- testCase005_BrowseiMacsGridView -->
      </class> <!-- executionScript.TestCase005_BrowseiMacs -->
    </test> <!-- Browse Products -->
    <test name="Add to Carts" duration-ms="158806" started-at="2016-02-21T04:59:18Z" finished-at="2016-02-21T05:01:57Z">
      <class name="executionScript.TestCase010_BuyOneProduct">
        <test-method status="PASS" signature="testCase010_BuyOneProduct()[pri:0, instance:executionScript.TestCase010_BuyOneProduct@31531665]" name="testCase010_BuyOneProduct" duration-ms="27381" started-at="2016-02-21T12:59:18Z" finished-at="2016-02-21T12:59:46Z">
          <reporter-output>
          </reporter-output>
        </test-method> <!-- testCase010_BuyOneProduct -->
      </class> <!-- executionScript.TestCase010_BuyOneProduct -->
      <class name="executionScript.TestCase011_BuySeveralProducts">
        <test-method status="PASS" signature="testCase011_BuySeveralProducts()[pri:0, instance:executionScript.TestCase011_BuySeveralProducts@45e35a2f]" name="testCase011_BuySeveralProducts" duration-ms="52892" started-at="2016-02-21T12:59:46Z" finished-at="2016-02-21T13:00:39Z">
          <reporter-output>
          </reporter-output>
        </test-method> <!-- testCase011_BuySeveralProducts -->
      </class> <!-- executionScript.TestCase011_BuySeveralProducts -->
      <class name="executionScript.TestCase012_BuyAllProducts">
        <test-method status="PASS" signature="testCase012_BuyAllProducts()[pri:0, instance:executionScript.TestCase012_BuyAllProducts@5135e781]" name="testCase012_BuyAllProducts" duration-ms="78528" started-at="2016-02-21T13:00:39Z" finished-at="2016-02-21T13:01:57Z">
          <reporter-output>
          </reporter-output>
        </test-method> <!-- testCase012_BuyAllProducts -->
      </class> <!-- executionScript.TestCase012_BuyAllProducts -->
    </test> <!-- Add to Carts -->
  </suite> <!-- Test Suite -->
</testng-results>
