<html>
<head>
<title>TestNG:  Browse Products</title>
<link href="../testng.css" rel="stylesheet" type="text/css" />
<link href="../my-testng.css" rel="stylesheet" type="text/css" />

<style type="text/css">
.log { display: none;} 
.stack-trace { display: none;} 
</style>
<script type="text/javascript">
<!--
function flip(e) {
  current = e.style.display;
  if (current == 'block') {
    e.style.display = 'none';
    return 0;
  }
  else {
    e.style.display = 'block';
    return 1;
  }
}

function toggleBox(szDivId, elem, msg1, msg2)
{
  var res = -1;  if (document.getElementById) {
    res = flip(document.getElementById(szDivId));
  }
  else if (document.all) {
    // this is the way old msie versions work
    res = flip(document.all[szDivId]);
  }
  if(elem) {
    if(res == 0) elem.innerHTML = msg1; else elem.innerHTML = msg2;
  }

}

function toggleAllBoxes() {
  if (document.getElementsByTagName) {
    d = document.getElementsByTagName('div');
    for (i = 0; i < d.length; i++) {
      if (d[i].className == 'log') {
        flip(d[i]);
      }
    }
  }
}

// -->
</script>

</head>
<body>
<h2 align='center'>Browse Products</h2><table border='1' align="center">
<tr>
<td>Tests passed/Failed/Skipped:</td><td>10/2/0</td>
</tr><tr>
<td>Started on:</td><td>Sun Feb 21 12:48:38 CST 2016</td>
</tr>
<tr><td>Total time:</td><td>640 seconds (640640 ms)</td>
</tr><tr>
<td>Included groups:</td><td></td>
</tr><tr>
<td>Excluded groups:</td><td></td>
</tr>
</table><p/>
<small><i>(Hover the method name to see the test class name)</i></small><p/>
<table width='100%' border='1' class='invocation-failed'>
<tr><td colspan='4' align='center'><b>FAILED TESTS</b></td></tr>
<tr><td><b>Test method</b></td>
<td width="30%"><b>Exception</b></td>
<td width="10%"><b>Time (seconds)</b></td>
<td><b>Instance</b></td>
</tr>
<tr>
<td title='executionScript.TestCase004_BrowseAccessories.testCase004_BrowseAccessoriesListView()'><b>testCase004_BrowseAccessoriesListView</b><br>Test class: executionScript.TestCase004_BrowseAccessories</td>
<td><div><pre>org.openqa.selenium.TimeoutException: Timed out after 15 seconds waiting for visibility of [[FirefoxDriver: firefox on WINDOWS (21e01337-ad70-46bb-a555-44c3955c014b)] -&gt; class name: pp_previous]
Build info: version: &apos;2.52.0&apos;, revision: &apos;4c2593cfc3689a7fcd7be52549167e5ccc93ad28&apos;, time: &apos;2016-02-11 11:22:43&apos;
System info: host: &apos;VAIO&apos;, ip: &apos;192.168.1.68&apos;, os.name: &apos;Windows 8.1&apos;, os.arch: &apos;amd64&apos;, os.version: &apos;6.3&apos;, java.version: &apos;1.7.0_79&apos;
Session ID: 21e01337-ad70-46bb-a555-44c3955c014b
Driver info: org.openqa.selenium.firefox.FirefoxDriver
Capabilities [{platform=WINDOWS, acceptSslCerts=true, javascriptEnabled=true, cssSelectorsEnabled=true, databaseEnabled=true, browserName=firefox, handlesAlerts=true, nativeEvents=false, webStorageEnabled=true, rotatable=false, locationContextEnabled=true, applicationCacheEnabled=true, takesScreenshot=true, version=44.0.2}]
	at org.openqa.selenium.support.ui.WebDriverWait.timeoutException(WebDriverWait.java:80)
	at org.openqa.selenium.support.ui.FluentWait.until(FluentWait.java:261)
	at executionAction.AccessoriesPageListView_Action.viewProductImage(AccessoriesPageListView_Action.java:88)
	at executionScript.TestCase004_BrowseAccessories.testCase004_BrowseAccessoriesListView(TestCase004_BrowseAccessories.java:20)
... Removed 27 stack frames</pre></div><a href='#' onClick='toggleBox("stack-trace1826081141", this, "Click to show all stack frames", "Click to hide stack frames")'>Click to show all stack frames</a>
<div class='stack-trace' id='stack-trace1826081141'><pre>org.openqa.selenium.TimeoutException: Timed out after 15 seconds waiting for visibility of [[FirefoxDriver: firefox on WINDOWS (21e01337-ad70-46bb-a555-44c3955c014b)] -&gt; class name: pp_previous]
Build info: version: &apos;2.52.0&apos;, revision: &apos;4c2593cfc3689a7fcd7be52549167e5ccc93ad28&apos;, time: &apos;2016-02-11 11:22:43&apos;
System info: host: &apos;VAIO&apos;, ip: &apos;192.168.1.68&apos;, os.name: &apos;Windows 8.1&apos;, os.arch: &apos;amd64&apos;, os.version: &apos;6.3&apos;, java.version: &apos;1.7.0_79&apos;
Session ID: 21e01337-ad70-46bb-a555-44c3955c014b
Driver info: org.openqa.selenium.firefox.FirefoxDriver
Capabilities [{platform=WINDOWS, acceptSslCerts=true, javascriptEnabled=true, cssSelectorsEnabled=true, databaseEnabled=true, browserName=firefox, handlesAlerts=true, nativeEvents=false, webStorageEnabled=true, rotatable=false, locationContextEnabled=true, applicationCacheEnabled=true, takesScreenshot=true, version=44.0.2}]
	at org.openqa.selenium.support.ui.WebDriverWait.timeoutException(WebDriverWait.java:80)
	at org.openqa.selenium.support.ui.FluentWait.until(FluentWait.java:261)
	at executionAction.AccessoriesPageListView_Action.viewProductImage(AccessoriesPageListView_Action.java:88)
	at executionScript.TestCase004_BrowseAccessories.testCase004_BrowseAccessoriesListView(TestCase004_BrowseAccessories.java:20)
	at sun.reflect.NativeMethodAccessorImpl.invoke0(Native Method)
	at sun.reflect.NativeMethodAccessorImpl.invoke(NativeMethodAccessorImpl.java:57)
	at sun.reflect.DelegatingMethodAccessorImpl.invoke(DelegatingMethodAccessorImpl.java:43)
	at java.lang.reflect.Method.invoke(Method.java:606)
	at org.testng.internal.MethodInvocationHelper.invokeMethod(MethodInvocationHelper.java:86)
	at org.testng.internal.Invoker.invokeMethod(Invoker.java:643)
	at org.testng.internal.Invoker.invokeTestMethod(Invoker.java:820)
	at org.testng.internal.Invoker.invokeTestMethods(Invoker.java:1128)
	at org.testng.internal.TestMethodWorker.invokeTestMethods(TestMethodWorker.java:129)
	at org.testng.internal.TestMethodWorker.run(TestMethodWorker.java:112)
	at org.testng.TestRunner.privateRun(TestRunner.java:782)
	at org.testng.TestRunner.run(TestRunner.java:632)
	at org.testng.SuiteRunner.runTest(SuiteRunner.java:366)
	at org.testng.SuiteRunner.runSequentially(SuiteRunner.java:361)
	at org.testng.SuiteRunner.privateRun(SuiteRunner.java:319)
	at org.testng.SuiteRunner.run(SuiteRunner.java:268)
	at org.testng.SuiteRunnerWorker.runSuite(SuiteRunnerWorker.java:52)
	at org.testng.SuiteRunnerWorker.run(SuiteRunnerWorker.java:86)
	at org.testng.TestNG.runSuitesSequentially(TestNG.java:1244)
	at org.testng.TestNG.runSuitesLocally(TestNG.java:1169)
	at org.testng.TestNG.run(TestNG.java:1064)
	at org.apache.maven.surefire.testng.TestNGExecutor.run(TestNGExecutor.java:281)
	at org.apache.maven.surefire.testng.TestNGXmlTestSuite.execute(TestNGXmlTestSuite.java:75)
	at org.apache.maven.surefire.testng.TestNGProvider.invoke(TestNGProvider.java:121)
	at org.apache.maven.surefire.booter.ForkedBooter.invokeProviderInSameClassLoader(ForkedBooter.java:290)
	at org.apache.maven.surefire.booter.ForkedBooter.runSuitesInProcess(ForkedBooter.java:242)
	at org.apache.maven.surefire.booter.ForkedBooter.main(ForkedBooter.java:121)
</pre></div></td>
<td>136</td>
<td>executionScript.TestCase004_BrowseAccessories@4f36b91b</td></tr>
<tr>
<td title='executionScript.TestCase006_BrowseiPads.testCase006_BrowseiPadsListView()'><b>testCase006_BrowseiPadsListView</b><br>Test class: executionScript.TestCase006_BrowseiPads</td>
<td><div><pre>org.openqa.selenium.TimeoutException: Timed out after 15 seconds waiting for visibility of [[FirefoxDriver: firefox on WINDOWS (de97a08b-7d09-4584-834e-7312ea816635)] -&gt; class name: pp_previous]
Build info: version: &apos;2.52.0&apos;, revision: &apos;4c2593cfc3689a7fcd7be52549167e5ccc93ad28&apos;, time: &apos;2016-02-11 11:22:43&apos;
System info: host: &apos;VAIO&apos;, ip: &apos;192.168.1.68&apos;, os.name: &apos;Windows 8.1&apos;, os.arch: &apos;amd64&apos;, os.version: &apos;6.3&apos;, java.version: &apos;1.7.0_79&apos;
Session ID: de97a08b-7d09-4584-834e-7312ea816635
Driver info: org.openqa.selenium.firefox.FirefoxDriver
Capabilities [{platform=WINDOWS, acceptSslCerts=true, javascriptEnabled=true, cssSelectorsEnabled=true, databaseEnabled=true, browserName=firefox, handlesAlerts=true, nativeEvents=false, webStorageEnabled=true, rotatable=false, locationContextEnabled=true, applicationCacheEnabled=true, takesScreenshot=true, version=44.0.2}]
	at org.openqa.selenium.support.ui.WebDriverWait.timeoutException(WebDriverWait.java:80)
	at org.openqa.selenium.support.ui.FluentWait.until(FluentWait.java:261)
	at executionAction.iPadsPageListView_Action.viewProductImage(iPadsPageListView_Action.java:86)
	at executionScript.TestCase006_BrowseiPads.testCase006_BrowseiPadsListView(TestCase006_BrowseiPads.java:20)
... Removed 27 stack frames</pre></div><a href='#' onClick='toggleBox("stack-trace1580606844", this, "Click to show all stack frames", "Click to hide stack frames")'>Click to show all stack frames</a>
<div class='stack-trace' id='stack-trace1580606844'><pre>org.openqa.selenium.TimeoutException: Timed out after 15 seconds waiting for visibility of [[FirefoxDriver: firefox on WINDOWS (de97a08b-7d09-4584-834e-7312ea816635)] -&gt; class name: pp_previous]
Build info: version: &apos;2.52.0&apos;, revision: &apos;4c2593cfc3689a7fcd7be52549167e5ccc93ad28&apos;, time: &apos;2016-02-11 11:22:43&apos;
System info: host: &apos;VAIO&apos;, ip: &apos;192.168.1.68&apos;, os.name: &apos;Windows 8.1&apos;, os.arch: &apos;amd64&apos;, os.version: &apos;6.3&apos;, java.version: &apos;1.7.0_79&apos;
Session ID: de97a08b-7d09-4584-834e-7312ea816635
Driver info: org.openqa.selenium.firefox.FirefoxDriver
Capabilities [{platform=WINDOWS, acceptSslCerts=true, javascriptEnabled=true, cssSelectorsEnabled=true, databaseEnabled=true, browserName=firefox, handlesAlerts=true, nativeEvents=false, webStorageEnabled=true, rotatable=false, locationContextEnabled=true, applicationCacheEnabled=true, takesScreenshot=true, version=44.0.2}]
	at org.openqa.selenium.support.ui.WebDriverWait.timeoutException(WebDriverWait.java:80)
	at org.openqa.selenium.support.ui.FluentWait.until(FluentWait.java:261)
	at executionAction.iPadsPageListView_Action.viewProductImage(iPadsPageListView_Action.java:86)
	at executionScript.TestCase006_BrowseiPads.testCase006_BrowseiPadsListView(TestCase006_BrowseiPads.java:20)
	at sun.reflect.NativeMethodAccessorImpl.invoke0(Native Method)
	at sun.reflect.NativeMethodAccessorImpl.invoke(NativeMethodAccessorImpl.java:57)
	at sun.reflect.DelegatingMethodAccessorImpl.invoke(DelegatingMethodAccessorImpl.java:43)
	at java.lang.reflect.Method.invoke(Method.java:606)
	at org.testng.internal.MethodInvocationHelper.invokeMethod(MethodInvocationHelper.java:86)
	at org.testng.internal.Invoker.invokeMethod(Invoker.java:643)
	at org.testng.internal.Invoker.invokeTestMethod(Invoker.java:820)
	at org.testng.internal.Invoker.invokeTestMethods(Invoker.java:1128)
	at org.testng.internal.TestMethodWorker.invokeTestMethods(TestMethodWorker.java:129)
	at org.testng.internal.TestMethodWorker.run(TestMethodWorker.java:112)
	at org.testng.TestRunner.privateRun(TestRunner.java:782)
	at org.testng.TestRunner.run(TestRunner.java:632)
	at org.testng.SuiteRunner.runTest(SuiteRunner.java:366)
	at org.testng.SuiteRunner.runSequentially(SuiteRunner.java:361)
	at org.testng.SuiteRunner.privateRun(SuiteRunner.java:319)
	at org.testng.SuiteRunner.run(SuiteRunner.java:268)
	at org.testng.SuiteRunnerWorker.runSuite(SuiteRunnerWorker.java:52)
	at org.testng.SuiteRunnerWorker.run(SuiteRunnerWorker.java:86)
	at org.testng.TestNG.runSuitesSequentially(TestNG.java:1244)
	at org.testng.TestNG.runSuitesLocally(TestNG.java:1169)
	at org.testng.TestNG.run(TestNG.java:1064)
	at org.apache.maven.surefire.testng.TestNGExecutor.run(TestNGExecutor.java:281)
	at org.apache.maven.surefire.testng.TestNGXmlTestSuite.execute(TestNGXmlTestSuite.java:75)
	at org.apache.maven.surefire.testng.TestNGProvider.invoke(TestNGProvider.java:121)
	at org.apache.maven.surefire.booter.ForkedBooter.invokeProviderInSameClassLoader(ForkedBooter.java:290)
	at org.apache.maven.surefire.booter.ForkedBooter.runSuitesInProcess(ForkedBooter.java:242)
	at org.apache.maven.surefire.booter.ForkedBooter.main(ForkedBooter.java:121)
</pre></div></td>
<td>105</td>
<td>executionScript.TestCase006_BrowseiPads@6f71cb85</td></tr>
</table><p>
<table width='100%' border='1' class='invocation-passed'>
<tr><td colspan='4' align='center'><b>PASSED TESTS</b></td></tr>
<tr><td><b>Test method</b></td>
<td width="30%"><b>Exception</b></td>
<td width="10%"><b>Time (seconds)</b></td>
<td><b>Instance</b></td>
</tr>
<tr>
<td title='executionScript.TestCase004_BrowseAccessories.testCase004_BrowseAccessoriesGridView()'><b>testCase004_BrowseAccessoriesGridView</b><br>Test class: executionScript.TestCase004_BrowseAccessories</td>
<td></td>
<td>44</td>
<td>executionScript.TestCase004_BrowseAccessories@4f36b91b</td></tr>
<tr>
<td title='executionScript.TestCase005_BrowseiMacs.testCase005_BrowseiMacsGridView()'><b>testCase005_BrowseiMacsGridView</b><br>Test class: executionScript.TestCase005_BrowseiMacs</td>
<td></td>
<td>21</td>
<td>executionScript.TestCase005_BrowseiMacs@11b2c43e</td></tr>
<tr>
<td title='executionScript.TestCase005_BrowseiMacs.testCase005_BrowseiMacsListView()'><b>testCase005_BrowseiMacsListView</b><br>Test class: executionScript.TestCase005_BrowseiMacs</td>
<td></td>
<td>42</td>
<td>executionScript.TestCase005_BrowseiMacs@11b2c43e</td></tr>
<tr>
<td title='executionScript.TestCase006_BrowseiPads.testCase006_BrowseiPadsGridView()'><b>testCase006_BrowseiPadsGridView</b><br>Test class: executionScript.TestCase006_BrowseiPads</td>
<td></td>
<td>31</td>
<td>executionScript.TestCase006_BrowseiPads@6f71cb85</td></tr>
<tr>
<td title='executionScript.TestCase007_BrowseiPhones.testCase007_BrowseiPhonesGridView()'><b>testCase007_BrowseiPhonesGridView</b><br>Test class: executionScript.TestCase007_BrowseiPhones</td>
<td></td>
<td>25</td>
<td>executionScript.TestCase007_BrowseiPhones@17e8c1ec</td></tr>
<tr>
<td title='executionScript.TestCase007_BrowseiPhones.testCase007_BrowseiPhonesListView()'><b>testCase007_BrowseiPhonesListView</b><br>Test class: executionScript.TestCase007_BrowseiPhones</td>
<td></td>
<td>76</td>
<td>executionScript.TestCase007_BrowseiPhones@17e8c1ec</td></tr>
<tr>
<td title='executionScript.TestCase008_BrowseiPods.testCase008_BrowseiPodsGridView()'><b>testCase008_BrowseiPodsGridView</b><br>Test class: executionScript.TestCase008_BrowseiPods</td>
<td></td>
<td>35</td>
<td>executionScript.TestCase008_BrowseiPods@32137937</td></tr>
<tr>
<td title='executionScript.TestCase008_BrowseiPods.testCase008_BrowseiPodsListView()'><b>testCase008_BrowseiPodsListView</b><br>Test class: executionScript.TestCase008_BrowseiPods</td>
<td></td>
<td>45</td>
<td>executionScript.TestCase008_BrowseiPods@32137937</td></tr>
<tr>
<td title='executionScript.TestCase009_BrowseMacBooks.testCase009_BrowseMacBooksGridView()'><b>testCase009_BrowseMacBooksGridView</b><br>Test class: executionScript.TestCase009_BrowseMacBooks</td>
<td></td>
<td>25</td>
<td>executionScript.TestCase009_BrowseMacBooks@1c7b2390</td></tr>
<tr>
<td title='executionScript.TestCase009_BrowseMacBooks.testCase009_BrowseMacBooksListView()'><b>testCase009_BrowseMacBooksListView</b><br>Test class: executionScript.TestCase009_BrowseMacBooks</td>
<td></td>
<td>49</td>
<td>executionScript.TestCase009_BrowseMacBooks@1c7b2390</td></tr>
</table><p>
</body>
</html>