<?xml version="1.0" encoding="UTF-8"?>
<!-- Generated by org.testng.reporters.JUnitXMLReporter -->
<testsuite hostname="VAIO" name="Main Page" tests="1" failures="1" timestamp="21 Feb 2016 04:48:38 GMT" time="47.201" errors="0">
  <testcase name="testCase003_MainPageElements" time="47.171" classname="executionScript.TestCase003_MainPageElements">
    <failure type="java.lang.AssertionError" message="expected [Accessories] but found []">
      <![CDATA[java.lang.AssertionError: expected [Accessories] but found []
	at executionAction.MainPage_Action.assertMainPageNavBarElements(MainPage_Action.java:55)
	at executionScript.TestCase003_MainPageElements.testCase003_MainPageElements(TestCase003_MainPageElements.java:17)
... Removed 33 stack frames]]>
    </failure>
  </testcase> <!-- testCase003_MainPageElements -->
</testsuite> <!-- Main Page -->
